[debug] [2021-05-08T20:28:48.643Z] ----------------------------------------------------------------------
[debug] [2021-05-08T20:28:48.644Z] Command:       C:\Program Files\nodejs\node.exe C:\Users\R Muhender Raj\AppData\Roaming\npm\node_modules\firebase-tools\lib\bin\firebase.js init
[debug] [2021-05-08T20:28:48.645Z] CLI Version:   9.6.1
[debug] [2021-05-08T20:28:48.645Z] Platform:      win32
[debug] [2021-05-08T20:28:48.645Z] Node Version:  v14.16.0
[debug] [2021-05-08T20:28:48.646Z] Time:          Sun May 09 2021 01:58:48 GMT+0530 (India Standard Time)
[debug] [2021-05-08T20:28:48.646Z] ----------------------------------------------------------------------
[debug] [2021-05-08T20:28:48.646Z] 
[debug] [2021-05-08T20:28:48.648Z] >>> [apiv2][query] GET https://firebase-public.firebaseio.com/cli.json [none]
[debug] [2021-05-08T20:28:48.667Z] > command requires scopes: ["email","openid","https://www.googleapis.com/auth/cloudplatformprojects.readonly","https://www.googleapis.com/auth/firebase","https://www.googleapis.com/auth/cloud-platform"]
[debug] [2021-05-08T20:28:48.667Z] > authorizing via signed-in user
[info] 
     ######## #### ########  ######## ########     ###     ######  ########
     ##        ##  ##     ## ##       ##     ##  ##   ##  ##       ##
     ######    ##  ########  ######   ########  #########  ######  ######
     ##        ##  ##    ##  ##       ##     ## ##     ##       ## ##
     ##       #### ##     ## ######## ########  ##     ##  ######  ########

You're about to initialize a Firebase project in this directory:

  C:\Users\R Muhender Raj\Desktop\VSCode Projects\Web\Restaurant\hack-kitchen-s21\build-your-own-restaurant

[debug] [2021-05-08T20:28:49.378Z] <<< [apiv2][status] GET https://firebase-public.firebaseio.com/cli.json 200
[debug] [2021-05-08T20:28:49.378Z] <<< [apiv2][body] GET https://firebase-public.firebaseio.com/cli.json {"cloudBuildErrorAfter":1594252800000,"cloudBuildWarnAfter":1590019200000,"defaultNode10After":1594252800000,"minVersion":"3.0.5","node8DeploysDisabledAfter":1613390400000,"node8RuntimeDisabledAfter":1615809600000,"node8WarnAfter":1600128000000}
